
ROM used:   155/8192 (2%)
            155/8192 (2%) including unused fragments

            0.2 Average locations per line
            8.6 Average locations per statement

RAM used:   28/368 (8%) at main() level
            31/368 (8%) worst case

Stack used: 0 worst case (0 in main + 0 for interrupts)
Stack size: 8

Lines Stmts  %   Files
----- ----- ---  -----
   39    18 100  main.c
   10     0   0  main.h
  661     0   0  ..\..\..\Program Files (x86)\PICC\Devices\16F877A.h
----- -----
  710    18 Total

Page ROM  %  RAM   Vol Diff  Functions:
---- --- --- ---   --- ----  ----------
 Inline         1             @delay_ms1
0     73  47    3   287  3.7  yaz
0     78  50    0   149  1.8  MAIN
 Inline         0             @cinit1

Program metrics:
    Functions               2
    Statements              18
    Comments                110
    Volume (V)              527
    Difficulty (D)          5.2
    Effort to implement (E) 2751
    Time to implement (T)   3 minutes
    Est Delivered Bugs (B)  0
    Cyclomatic Complexity   2
    Maintainability (MI)    62

 Segment     Used  Free
-----------  ----  ----
00000-00003     4  0  
00004-007FF   151  1893  
00800-00FFF     0  2048  
01000-017FF     0  2048  
01800-01FFF     0  2048  



