
ROM used:   1118/16384 (3%)
            1118/16384 (3%) including unused fragments

            0.3 Average locations per line
            1.5 Average locations per statement

RAM used:   14/1536 (1%) at main() level
            27/1536 (2%) worst case

Stack used: 0 worst case (0 in main + 0 for interrupts)
Stack size: 31

Lines Stmts  %   Files
----- ----- ---  -----
  154   131  17  main.c
   14     0   0  main.h
  701     0   0  ..\..\..\Program Files (x86)\PICC\Devices\18F452.h
 1351   359  47  ..\..\..\Program Files (x86)\PICC\Drivers\stdlib.h
   32     0   0  ..\..\..\Program Files (x86)\PICC\Drivers\stddef.h
  423   125  17  ..\..\..\Program Files (x86)\PICC\Drivers\string.h
   28     0   0  ..\..\..\Program Files (x86)\PICC\Drivers\ctype.h
  154     0   0  ..\..\..\Program Files (x86)\PICC\Drivers\time.h
  326   128  17  ..\..\..\Program Files (x86)\PICC\Drivers\stdlibm.h
   76    13   2  ..\..\..\Program Files (x86)\PICC\Drivers\memmgmt.c
----- -----
 3259   756 Total

Page ROM  %  RAM   Vol Diff  Functions:
---- --- --- ---   --- ----  ----------
0     40   2    1             @delay_ms1
0     86   4   14             @MUL3232
0    104   5    4   101  3.8  rand
0     66   3    5             @DIV1616
0    770  34    2  4384  6.4  MAIN
0     48   2    0             @goto12011
 Inline         0             @cinit1

Program metrics:
    Functions               2
    Statements              756
    Comments                1201
    Volume (V)              4646
    Difficulty (D)          10.6
    Effort to implement (E) 49392
    Time to implement (T)   46 minutes
    Est Delivered Bugs (B)  0
    Cyclomatic Complexity   14
    Maintainability (MI)    46

 Segment     Used  Free
-----------  ----  ----
00000-00002     4  0  
00004-07FFE  1114  31650  



