
ROM used:   166/16384 (1%)
            166/16384 (1%) including unused fragments

            0.2 Average locations per line
            9.8 Average locations per statement

RAM used:   6/1536 (0%) at main() level
            7/1536 (0%) worst case

Stack used: 0 worst case (0 in main + 0 for interrupts)
Stack size: 31

Lines Stmts  %   Files
----- ----- ---  -----
   28    17 100  main.c
   11     0   0  main.h
  701     0   0  ..\..\..\Program Files (x86)\PICC\Devices\18F452.h
----- -----
  740    17 Total

Page ROM  %  RAM   Vol Diff  Functions:
---- --- --- ---   --- ----  ----------
0     40  12    1             @delay_ms1
0    122  37    1   375  3.8  main
 Inline         0             @cinit1

Program metrics:
    Functions               1
    Statements              17
    Comments                124
    Volume (V)              380
    Difficulty (D)          3.5
    Effort to implement (E) 1346
    Time to implement (T)   1 minutes
    Est Delivered Bugs (B)  0
    Cyclomatic Complexity   1
    Maintainability (MI)    44

 Segment     Used  Free
-----------  ----  ----
00000-00002     4  0  
00004-07FFE   162  32602  



