
ROM used:   100/8192 (1%)
            100/8192 (1%) including unused fragments

            0.1 Average locations per line
            4.0 Average locations per statement

RAM used:   6/368 (2%) at main() level
            7/368 (2%) worst case

Stack used: 0 worst case (0 in main + 0 for interrupts)
Stack size: 8

Lines Stmts  %   Files
----- ----- ---  -----
   35    25 100  main.c
   11     0   0  main.h
  661     0   0  ..\..\..\Program Files (x86)\PICC\Devices\16F877A.h
----- -----
  707    25 Total

Page ROM  %  RAM   Vol Diff  Functions:
---- --- --- ---   --- ----  ----------
0     21  21    1             @delay_ms1
0     75  75    1   528  4.8  main
 Inline         0             @cinit1

Program metrics:
    Functions               1
    Statements              25
    Comments                110
    Volume (V)              533
    Difficulty (D)          4.5
    Effort to implement (E) 2416
    Time to implement (T)   2 minutes
    Est Delivered Bugs (B)  0
    Cyclomatic Complexity   5
    Maintainability (MI)    59

 Segment     Used  Free
-----------  ----  ----
00000-00003     4  0  
00004-007FF    96  1948  
00800-00FFF     0  2048  
01000-017FF     0  2048  
01800-01FFF     0  2048  



