
ROM used:   290/16384 (1%)
            290/16384 (1%) including unused fragments

            0.4 Average locations per line
            19.3 Average locations per statement

RAM used:   22/1536 (1%) at main() level
            25/1536 (2%) worst case

Stack used: 1 worst case (0 in main + 1 for interrupts)
Stack size: 31

Lines Stmts  %   Files
----- ----- ---  -----
   32    15 100  main.c
   12     0   0  main.h
  701     0   0  ..\..\..\Program Files (x86)\PICC\Devices\18F452.h
----- -----
  745    15 Total

Page ROM  %  RAM   Vol Diff  Functions:
---- --- --- ---   --- ----  ----------
0     40   7    1             @delay_ms1
0     58  10    2   163  3.1  EXT_isr
0     46   8    0   163  2.2  MAIN
 Inline         0             @cinit1

Program metrics:
    Functions               2
    Statements              15
    Comments                119
    Volume (V)              401
    Difficulty (D)          5.1
    Effort to implement (E) 2025
    Time to implement (T)   2 minutes
    Est Delivered Bugs (B)  0
    Cyclomatic Complexity   1
    Maintainability (MI)    82

 Segment     Used  Free
-----------  ----  ----
00000-00002     4  0  
00004-00006     0  4  
00008-00094   142  0  
00096-07FFE   144  32474  



